{"level":"info","message":"Server running on port 5000"}
{"level":"info","message":"Server running on port 5000"}
{"level":"info","message":"Server running on port 5000"}
{"level":"info","message":"GET /babel/parser/lib/index.js 404 164 - 1.667 ms"}
{"level":"info","message":"Server running on port 5000"}
{"level":"info","message":"GET /getuser 200 - - 3.136 ms"}
{"level":"info","message":"Server running on port 5000"}
{"level":"info","message":"GET /getuser 200 - - 1.444 ms"}
{"level":"info","message":"GET /getuser 200 - - 3.366 ms"}
{"level":"info","message":"Server running on port 5000"}
{"level":"info","message":"GET /getuser 200 - - 1.660 ms"}
{"level":"info","message":"GET /getuser 200 - - 1.427 ms"}
{"level":"info","message":"Server running on port 5000"}
{"level":"info","message":"GET /getuser 200 - - 2.197 ms"}
{"level":"info","message":"GET /auth/google 302 0 - 1.533 ms"}
{"level":"info","message":"GET /getuser 200 - - 0.657 ms"}
{"level":"info","message":"Server running on port 5000"}
{"level":"info","message":"Server running on port 5000"}
{"level":"info","message":"GET /getuser 200 - - 2.464 ms"}
{"level":"info","message":"Server running on port 5000"}
{"level":"info","message":"GET /getuser 200 - - 3.001 ms"}
{"level":"info","message":"Server running on port 5000"}
{"level":"info","message":"GET /getuser 200 - - 3.474 ms"}
{"level":"info","message":"Server running on port 5000"}
{"level":"info","message":"GET /getuser 200 - - 1.817 ms"}
{"level":"info","message":"Server running on port 5000"}
{"level":"info","message":"GET /getuser 200 - - 3.422 ms"}
{"level":"info","message":"post auth"}
{"level":"info","message":"POST /api/auth 200 729 - 168.547 ms"}
{"level":"info","message":"GET /getuser 200 - - 0.445 ms"}
{"level":"info","message":"GET /api/posts 200 2 - 173.989 ms"}
{"level":"info","message":"Server running on port 5000"}
{"level":"info","message":"Server running on port 5000"}
{"level":"info","message":"GET /getuser 200 - - 1.366 ms"}
{"level":"info","message":"GET /api/posts 200 1956 - 8.238 ms"}
{"level":"info","message":"GET /api/posts 200 1956 - 3.834 ms"}
{"level":"info","message":"GET /getuser 200 - - 0.790 ms"}
{"level":"info","message":"POST /api/users/sendcode 404 158 - 4.000 ms"}
{"level":"info","message":"Server running on port 5000"}
{"level":"info","message":"GET /getuser 200 - - 1.303 ms"}
{"level":"info","message":"GET /getuser 200 - - 2.250 ms"}
{"level":"info","message":"PUT /api/users/sendcode 400 20 - 2.355 ms"}
{"level":"info","message":"Server running on port 5000"}
{"level":"info","message":"GET /getuser 200 - - 2.744 ms"}
{"level":"error","message":"sendcode user-errConverting circular structure to JSON\n    --> starting at object with constructor 'Socket'\n    |     property 'parser' -> object with constructor 'HTTPParser'\n    --- property 'socket' closes the circle"}
{"level":"info","message":"PUT /api/users/sendcode 500 12 - 1.777 ms"}
{"level":"info","message":"Server running on port 5000"}
{"level":"info","message":"GET /getuser 200 - - 2.537 ms"}
{"level":"error","message":"sendcode user-errnodemailer is not defined"}
{"level":"info","message":"PUT /api/users/sendcode 500 12 - 2.540 ms"}
{"level":"info","message":"Server running on port 5000"}
{"level":"info","message":"GET /getuser 200 - - 3.436 ms"}
{"level":"error","message":"sendcode user-errnodemailer is not defined"}
{"level":"info","message":"PUT /api/users/sendcode 500 12 - 1.989 ms"}
{"level":"info","message":"Server running on port 5000"}
{"level":"info","message":"Server running on port 5000"}
{"level":"info","message":"GET /getuser 200 - - 1.735 ms"}
{"level":"info","message":"GET /getuser 200 - - 1.920 ms"}
{"level":"error","message":"sendcode user-errAn error has occured"}
{"level":"info","message":"PUT /api/users/sendcode 500 12 - 608.991 ms"}
{"level":"info","message":"Server running on port 5000"}
{"level":"info","message":"GET /getuser 200 - - 2.304 ms"}
{"level":"error","message":"sendcode user-errAn error has occured"}
{"level":"info","message":"PUT /api/users/sendcode 500 12 - 463.153 ms"}
{"level":"info","message":"Server running on port 5000"}
{"level":"info","message":"GET /getuser 200 - - 3.565 ms"}
{"level":"error","message":"sendcode user-errAn error has occured"}
{"level":"info","message":"PUT /api/users/sendcode 500 12 - 491.054 ms"}
{"level":"info","message":"Server running on port 5000"}
{"level":"info","message":"GET /getuser 200 - - 1.867 ms"}
{"level":"error","message":"sendcode user-errAn error has occured"}
{"level":"info","message":"PUT /api/users/sendcode 500 12 - 448.984 ms"}
{"level":"info","message":"Server running on port 5000"}
{"level":"info","message":"GET /getuser 200 - - 1.581 ms"}
{"level":"error","message":"sendcode user-errAn error has occured"}
{"level":"info","message":"PUT /api/users/sendcode 500 12 - 700.511 ms"}
{"level":"info","message":"Server running on port 5000"}
{"level":"info","message":"GET /getuser 200 - - 2.040 ms"}
{"level":"error","message":"sendcode user-errAn error has occured"}
{"level":"info","message":"PUT /api/users/sendcode 500 12 - 417.440 ms"}
{"level":"info","message":"Server running on port 5000"}
{"level":"info","message":"GET /getuser 200 - - 1.596 ms"}
{"level":"info","message":"Server running on port 5000"}
{"level":"info","message":"GET /getuser 200 - - 2.117 ms"}
{"level":"error","message":"sendcode user-errAn error has occured"}
{"level":"info","message":"PUT /api/users/sendcode 500 12 - 386.863 ms"}
{"level":"info","message":"Server running on port 5000"}
{"level":"info","message":"GET /getuser 200 - - 3.832 ms"}
{"level":"error","message":"sendcode user-errAn error has occured"}
{"level":"info","message":"PUT /api/users/sendcode 500 12 - 505.481 ms"}
{"level":"info","message":"Server running on port 5000"}
{"level":"info","message":"GET /getuser 200 - - 2.268 ms"}
{"level":"error","message":"sendcode user-errAn error has occured"}
{"level":"info","message":"PUT /api/users/sendcode 500 12 - 855.791 ms"}
{"level":"info","message":"Server running on port 5000"}
{"level":"info","message":"Server running on port 5000"}
{"level":"info","message":"GET /getuser 200 - - 1.264 ms"}
{"level":"error","message":"sendcode user-errAn error has occured"}
{"level":"info","message":"PUT /api/users/sendcode 500 12 - 530.591 ms"}
{"level":"info","message":"Server running on port 5000"}
{"level":"info","message":"GET /getuser 200 - - 1.686 ms"}
{"level":"error","message":"sendcode user-errAn error has occured"}
{"level":"info","message":"PUT /api/users/sendcode 500 12 - 232.075 ms"}
{"level":"info","message":"Server running on port 5000"}
{"level":"info","message":"GET /getuser 200 - - 2.515 ms"}
{"level":"error","message":"sendcode user-errAn error has occured"}
{"level":"info","message":"PUT /api/users/sendcode 500 12 - 643.246 ms"}
{"level":"info","message":"Server running on port 5000"}
{"level":"info","message":"Server running on port 5000"}
{"level":"info","message":"Server running on port 5000"}
{"level":"info","message":"GET /getuser 200 - - 1.914 ms"}
{"level":"error","message":"sendcode user-errOTP is not defined"}
{"level":"info","message":"PUT /api/users/sendcode 500 12 - 1418.284 ms"}
{"level":"info","message":"Server running on port 5000"}
{"level":"info","message":"GET /getuser 200 - - 1.273 ms"}
{"level":"info","message":"PUT /api/users/sendcode 200 14 - 1224.587 ms"}
{"level":"info","message":"GET /getuser 200 - - 0.498 ms"}
{"level":"info","message":"Server running on port 5000"}
{"level":"info","message":"GET /getuser 200 - - 2.077 ms"}
{"level":"info","message":"PUT /api/users/sendcode 200 14 - 1111.707 ms"}
{"level":"info","message":"GET /getuser 200 - - 0.533 ms"}
{"level":"info","message":"Server running on port 5000"}
{"level":"info","message":"Server running on port 5000"}
{"level":"info","message":"GET /getuser 200 - - 1.435 ms"}
{"level":"info","message":"Server running on port 5000"}
{"level":"info","message":"GET /getuser 200 - - 1.435 ms"}
{"level":"info","message":"PUT /api/users/sendcode 200 14 - 2210.233 ms"}
{"level":"info","message":"GET /getuser 200 - - 0.696 ms"}
{"level":"info","message":"GET /getuser 200 - - 0.260 ms"}
{"level":"info","message":"Server running on port 5000"}
{"level":"info","message":"GET /getuser 200 - - 2.443 ms"}
{"level":"info","message":"PUT /api/users/sendcode 200 14 - 1650.066 ms"}
{"level":"info","message":"GET /getuser 200 - - 0.560 ms"}
{"level":"info","message":"Server running on port 5000"}
{"level":"info","message":"GET /getuser 200 - - 2.568 ms"}
{"level":"info","message":"PUT /api/users/sendcode 200 14 - 2121.958 ms"}
{"level":"info","message":"GET /getuser 200 - - 0.679 ms"}
{"level":"info","message":"Server running on port 5000"}
{"level":"info","message":"Server running on port 5000"}
{"level":"info","message":"Server running on port 5000"}
{"level":"info","message":"Server running on port 5000"}
{"level":"info","message":"Server running on port 5000"}
{"level":"info","message":"GET /getuser 200 - - 1.307 ms"}
{"level":"info","message":"GET /getuser 200 - - 1.323 ms"}
{"level":"info","message":"Server running on port 5000"}
{"level":"info","message":"GET /getuser 200 - - 2.520 ms"}
{"level":"info","message":"PUT /api/users/sendcode 200 25 - 2438.138 ms"}
{"level":"info","message":"GET /getuser 200 - - 0.897 ms"}
{"level":"info","message":"GET /getuser 200 - - 2.102 ms"}
{"level":"info","message":"PUT /api/users/sendcode 200 25 - 1957.319 ms"}
{"level":"info","message":"GET /getuser 200 - - 0.253 ms"}
{"level":"info","message":"Server running on port 5000"}
{"level":"info","message":"GET /getuser 200 - - 1.284 ms"}
{"level":"info","message":"GET /getuser 200 - - 2.464 ms"}
{"level":"info","message":"GET /getuser 200 - - 0.374 ms"}
{"level":"info","message":"PUT /api/users/sendcode 200 25 - 1878.051 ms"}
{"level":"info","message":"GET /getuser 200 - - 0.155 ms"}
{"level":"info","message":"Server running on port 5000"}
{"level":"info","message":"Server running on port 5000"}
{"level":"info","message":"Server running on port 5000"}
{"level":"info","message":"Server running on port 5000"}
{"level":"info","message":"Server running on port 5000"}
{"level":"info","message":"Server running on port 5000"}
{"level":"info","message":"Server running on port 5000"}
{"level":"info","message":"Server running on port 5000"}
{"level":"info","message":"Server running on port 5000"}
{"level":"info","message":"Server running on port 5000"}
{"level":"info","message":"Server running on port 5000"}
{"level":"info","message":"Server running on port 5000"}
{"level":"info","message":"Server running on port 5000"}
{"level":"info","message":"GET /getuser 200 - - 1.547 ms"}
{"level":"info","message":"GET /getuser 200 - - 2.055 ms"}
{"level":"info","message":"Server running on port 5000"}
{"level":"info","message":"Server running on port 5000"}
{"level":"info","message":"GET /babel/parser/lib/index.js 404 164 - 2.877 ms"}
{"level":"info","message":"GET /babel/core/lib/parser/index.js 404 169 - 1.970 ms"}
{"level":"info","message":"GET /babel/core/lib/transformation/normalize-file.js 404 186 - 0.687 ms"}
{"level":"info","message":"GET /babel/core/lib/transformation/index.js 404 177 - 0.785 ms"}
{"level":"info","message":"GET /babel/core/lib/transform.js 404 166 - 0.344 ms"}
{"level":"info","message":"Server running on port 5000"}
{"level":"info","message":"Server running on port 5000"}
{"level":"info","message":"GET /getuser 200 - - 2.106 ms"}
{"level":"info","message":"Server running on port 5000"}
{"level":"info","message":"GET /getuser 200 - - 1.765 ms"}
{"level":"info","message":"Server running on port 5000"}
{"level":"info","message":"Server running on port 5000"}
{"level":"info","message":"GET /getuser 200 - - 1.230 ms"}
{"level":"info","message":"GET /getuser 200 - - 1.979 ms"}
{"level":"info","message":"Server running on port 5000"}
{"level":"info","message":"GET /getuser 200 - - 1.676 ms"}
{"level":"info","message":"GET /getuser 200 - - 1.553 ms"}
{"level":"info","message":"PUT /api/users/sendcode 200 25 - 1950.980 ms"}
{"level":"info","message":"PUT /api/users/resetpassword 400 251 - 3.578 ms"}
{"level":"info","message":"PUT /api/users/resetpassword 400 252 - 0.818 ms"}
{"level":"info","message":"GET /getuser 200 - - 0.418 ms"}
{"level":"info","message":"Server running on port 5000"}
{"level":"info","message":"GET /getuser 200 - - 1.869 ms"}
{"level":"info","message":"GET /getuser 200 - - 2.089 ms"}
{"level":"info","message":"PUT /api/users/resetpassword 400 252 - 4.140 ms"}
{"level":"info","message":"Server running on port 5000"}
{"level":"info","message":"GET /getuser 200 - - 1.802 ms"}
{"level":"info","message":"GET /getuser 200 - - 4.364 ms"}
{"level":"info","message":"PUT /api/users/resetpassword 400 252 - 4.134 ms"}
{"level":"info","message":"Server running on port 5000"}
{"level":"info","message":"GET /getuser 200 - - 1.789 ms"}
{"level":"info","message":"GET /getuser 200 - - 3.326 ms"}
{"level":"info","message":"post user"}
{"level":"info","message":"PUT /api/users/resetpassword 200 730 - 265.357 ms"}
{"level":"info","message":"GET /getuser 200 - - 0.173 ms"}
{"level":"info","message":"Server running on port 5000"}
{"level":"info","message":"Server running on port 5000"}
{"level":"info","message":"GET /getuser 200 - - 1.793 ms"}
{"level":"info","message":"GET /getuser 200 - - 2.068 ms"}
{"level":"info","message":"PUT /api/users/resetpassword 400 109 - 6.726 ms"}
{"level":"info","message":"Server running on port 5000"}
{"level":"info","message":"GET /getuser 200 - - 1.781 ms"}
{"level":"info","message":"post user"}
{"level":"info","message":"PUT /api/users/resetpassword 200 730 - 274.807 ms"}
{"level":"info","message":"GET /getuser 200 - - 1.444 ms"}
{"level":"info","message":"Server running on port 5000"}
{"level":"info","message":"Server running on port 5000"}
{"level":"info","message":"Server running on port 5000"}
{"level":"info","message":"Server running on port 5000"}
{"level":"info","message":"GET /getuser 200 - - 3.112 ms"}
{"level":"info","message":"post user"}
{"level":"info","message":"PUT /api/users/resetpassword 200 730 - 259.710 ms"}
{"level":"info","message":"GET /getuser 200 - - 0.901 ms"}
{"level":"info","message":"GET /api/posts 500 12 - 85.673 ms"}
{"level":"info","message":"get profile by id"}
{"level":"info","message":"GET /api/users/user/656b9cda0418ee3db80df375 200 526 - 87.120 ms"}
{"level":"info","message":"get posts"}
{"level":"info","message":"GET /api/posts/user/656b9cda0418ee3db80df375 200 2 - 83.169 ms"}
{"level":"info","message":"Server running on port 5000"}
{"level":"info","message":"GET /getuser 200 - - 2.499 ms"}
{"level":"info","message":"Server running on port 5000"}
{"level":"info","message":"GET /getuser 200 - - 1.593 ms"}
{"level":"info","message":"GET /auth/google 302 0 - 1.031 ms"}
{"level":"info","message":"GET /auth/google/callback?code=4%2F0AfJohXkc2Of3CvtN4Rhy3VhI7cUmspZzdMup-lKwupCKZ-yF_zJDByVHbIIMbPoMQheK-w&scope=profile+https%3A%2F%2Fwww.googleapis.com%2Fauth%2Fuserinfo.profile 302 98 - 505.386 ms"}
{"level":"info","message":"GET /getuser 200 270 - 2.010 ms"}
{"level":"info","message":"GET /api/posts 500 12 - 95.888 ms"}
{"level":"info","message":"get profile by id"}
{"level":"info","message":"GET /api/users/user/656c06878cb7af5d1088d80b 200 270 - 85.443 ms"}
{"level":"info","message":"get posts"}
{"level":"info","message":"GET /api/posts/user/656c06878cb7af5d1088d80b 200 2 - 82.742 ms"}
{"level":"info","message":"get profile"}
{"level":"info","message":"GET /api/users 200 5321 - 84.625 ms"}
{"level":"info","message":"GET /api/posts 500 12 - 90.234 ms"}
{"level":"info","message":"get profile by id"}
{"level":"info","message":"GET /api/users/user/656c06878cb7af5d1088d80b 200 270 - 91.844 ms"}
{"level":"info","message":"get posts"}
{"level":"info","message":"GET /api/posts/user/656c06878cb7af5d1088d80b 200 2 - 91.813 ms"}
{"level":"info","message":"Server running on port 5000"}
{"level":"info","message":"Server running on port 5000"}
{"level":"info","message":"get profile"}
{"level":"info","message":"GET /api/users 200 5321 - 139.938 ms"}
{"level":"info","message":"GET /api/posts 500 12 - 87.683 ms"}
{"level":"info","message":"get profile"}
{"level":"info","message":"GET /api/users 200 5321 - 89.579 ms"}
{"level":"info","message":"get profile by id"}
{"level":"info","message":"GET /api/users/user/656c06878cb7af5d1088d80b 200 270 - 87.643 ms"}
{"level":"info","message":"get posts"}
{"level":"info","message":"GET /api/posts/user/656c06878cb7af5d1088d80b 200 2 - 87.188 ms"}
{"level":"info","message":"GET /auth/logout 302 44 - 1.432 ms"}
{"level":"info","message":"GET /getuser 200 - - 0.942 ms"}
{"level":"info","message":"GET /auth/google 302 0 - 0.662 ms"}
{"level":"info","message":"GET /auth/google/callback?code=4%2F0AfJohXk1YMC7kT8DgvMiWThCMn8TcCJVBahKyP8uS76DaddA9Tgzh3SZuZsOJB9RedW4gA&scope=profile+https%3A%2F%2Fwww.googleapis.com%2Fauth%2Fuserinfo.profile 302 98 - 568.072 ms"}
{"level":"info","message":"GET /getuser 200 270 - 0.656 ms"}
{"level":"info","message":"GET /api/posts 500 12 - 81.814 ms"}
{"level":"info","message":"get profile by id"}
{"level":"info","message":"GET /api/users/user/656c06878cb7af5d1088d80b 200 270 - 83.002 ms"}
{"level":"info","message":"get posts"}
{"level":"info","message":"GET /api/posts/user/656c06878cb7af5d1088d80b 200 2 - 82.234 ms"}
{"level":"info","message":"get profile"}
{"level":"info","message":"GET /api/users 200 5321 - 80.554 ms"}
{"level":"info","message":"get profile by id"}
{"level":"info","message":"GET /api/users/user/656c06878cb7af5d1088d80b 200 270 - 86.484 ms"}
{"level":"info","message":"get posts"}
{"level":"info","message":"GET /api/posts/user/656c06878cb7af5d1088d80b 200 2 - 78.325 ms"}
{"level":"info","message":"get profile"}
{"level":"info","message":"GET /api/users 200 5321 - 85.176 ms"}
{"level":"info","message":"GET /api/posts 500 12 - 86.273 ms"}
{"level":"info","message":"get profile"}
{"level":"info","message":"GET /api/users 200 5321 - 84.556 ms"}
{"level":"info","message":"get profile by id"}
{"level":"info","message":"GET /api/users/user/656c06878cb7af5d1088d80b 200 270 - 77.656 ms"}
{"level":"info","message":"get posts"}
{"level":"info","message":"GET /api/posts/user/656c06878cb7af5d1088d80b 200 2 - 80.513 ms"}
{"level":"info","message":"get profile"}
{"level":"info","message":"GET /api/users 200 5321 - 90.284 ms"}
{"level":"info","message":"Server running on port 5000"}
{"level":"info","message":"GET /getuser 200 - - 1.513 ms"}
{"level":"info","message":"get profile"}
{"level":"info","message":"GET /api/users 200 5321 - 115.197 ms"}
{"level":"info","message":"Server running on port 5000"}
{"level":"info","message":"Server running on port 5000"}
{"level":"info","message":"Server running on port 5000"}
{"level":"info","message":"GET /getuser 200 - - 2.157 ms"}
{"level":"info","message":"get profile"}
{"level":"info","message":"GET /api/users 200 5321 - 104.834 ms"}
{"level":"info","message":"GET /%3Canonymous%3E 404 154 - 5.306 ms"}
{"level":"info","message":"Server running on port 5000"}
{"level":"info","message":"GET /getuser 200 - - 1.407 ms"}
{"level":"info","message":"GET /getuser 200 - - 1.160 ms"}
{"level":"info","message":"get profile"}
{"level":"info","message":"GET /api/users 200 5321 - 116.581 ms"}
{"level":"info","message":"GET /getuser 200 - - 0.321 ms"}
{"level":"info","message":"get profile"}
{"level":"info","message":"GET /api/users 200 5321 - 89.684 ms"}
{"level":"info","message":"GET /auth/google 302 0 - 0.710 ms"}
{"level":"info","message":"GET /auth/google/callback?code=4%2F0AfJohXlSdwxaOc4em2ji-eUavHuNlUgggZ3IJ4r2NPHdbzMHcGu-ubKBZdAVBs0e_XPtSg&scope=profile+https%3A%2F%2Fwww.googleapis.com%2Fauth%2Fuserinfo.profile 302 98 - 542.516 ms"}
{"level":"info","message":"GET /getuser 200 270 - 0.504 ms"}
{"level":"info","message":"GET /api/posts 500 12 - 87.496 ms"}
{"level":"info","message":"get profile by id"}
{"level":"info","message":"GET /api/users/user/656c06878cb7af5d1088d80b 200 270 - 82.578 ms"}
{"level":"info","message":"get posts"}
{"level":"info","message":"GET /api/posts/user/656c06878cb7af5d1088d80b 200 2 - 80.971 ms"}
{"level":"info","message":"get profile"}
{"level":"info","message":"GET /api/users 200 5321 - 80.296 ms"}
{"level":"info","message":"get profile by id"}
{"level":"info","message":"GET /api/users/user/656b871974775a7aa85f9478 200 4041 - 80.926 ms"}
{"level":"info","message":"get posts"}
{"level":"info","message":"GET /api/posts/user/656b871974775a7aa85f9478 200 2 - 79.149 ms"}
{"level":"info","message":"GET /api/posts 500 12 - 83.681 ms"}
{"level":"info","message":"GET /getuser 200 - - 0.319 ms"}
{"level":"info","message":"GET /getuser 200 - - 0.421 ms"}
{"level":"info","message":"GET /getuser 200 - - 0.376 ms"}
{"level":"info","message":"GET /auth/google 302 0 - 0.416 ms"}
{"level":"info","message":"GET /auth/google/callback?code=4%2F0AfJohXnNdEek77zBD-WThEqjNWwpqwmRx3VkwYg_XpTSB7YV8tRnqR95rGT_nzBIY0nrUg&scope=profile+https%3A%2F%2Fwww.googleapis.com%2Fauth%2Fuserinfo.profile 302 98 - 640.059 ms"}
{"level":"info","message":"GET /getuser 200 270 - 0.482 ms"}
{"level":"info","message":"GET /api/posts 500 12 - 120.938 ms"}
{"level":"info","message":"get profile by id"}
{"level":"info","message":"GET /api/users/user/656d746758f9d3691cbac8b7 200 270 - 84.961 ms"}
{"level":"info","message":"get posts"}
{"level":"info","message":"GET /api/posts/user/656d746758f9d3691cbac8b7 200 2 - 83.954 ms"}
{"level":"info","message":"Server running on port 5000"}
{"level":"info","message":"GET /getuser 200 - - 2.211 ms"}
{"level":"info","message":"get profile by id"}
{"level":"info","message":"GET /api/users/user/656d746758f9d3691cbac8b7 200 270 - 99.610 ms"}
{"level":"info","message":"get posts"}
{"level":"info","message":"GET /api/posts/user/656d746758f9d3691cbac8b7 200 2 - 93.133 ms"}
{"level":"info","message":"GET /getuser 200 - - 0.672 ms"}
{"level":"info","message":"get profile by id"}
{"level":"info","message":"GET /api/users/user/656d746758f9d3691cbac8b7 200 270 - 112.885 ms"}
{"level":"info","message":"get posts"}
{"level":"info","message":"GET /api/posts/user/656d746758f9d3691cbac8b7 200 2 - 82.277 ms"}
{"level":"info","message":"Server running on port 5000"}
{"level":"info","message":"Server running on port 5000"}
{"level":"info","message":"GET /getuser 200 - - 1.156 ms"}
{"level":"info","message":"get profile by id"}
{"level":"info","message":"GET /api/users/user/656d746758f9d3691cbac8b7 200 270 - 98.436 ms"}
{"level":"info","message":"get posts"}
{"level":"info","message":"GET /api/posts/user/656d746758f9d3691cbac8b7 200 2 - 95.922 ms"}
{"level":"info","message":"GET /auth/google 302 0 - 0.886 ms"}
{"level":"info","message":"GET /auth/google/callback?code=4%2F0AfJohXnsdA1V77bSwO0sZSydwzEm5F5nT4USRGBXXait_zXRcPSSTV6OmBF39_VZ9Yz0QQ&scope=profile+https%3A%2F%2Fwww.googleapis.com%2Fauth%2Fuserinfo.profile 302 98 - 512.700 ms"}
{"level":"info","message":"GET /getuser 200 270 - 1.790 ms"}
{"level":"info","message":"GET /api/posts 500 12 - 82.084 ms"}
{"level":"info","message":"get profile by id"}
{"level":"info","message":"GET /api/users/user/656d746758f9d3691cbac8b7 200 270 - 82.236 ms"}
{"level":"info","message":"get posts"}
{"level":"info","message":"GET /api/posts/user/656d746758f9d3691cbac8b7 200 2 - 80.214 ms"}
{"level":"info","message":"user deleted"}
{"level":"info","message":"DELETE /api/profile 200 22 - 266.949 ms"}
{"level":"info","message":"GET /getuser 200 - - 0.439 ms"}
{"level":"info","message":"get profile by id"}
{"level":"info","message":"GET /api/users/user/656d746758f9d3691cbac8b7 200 4 - 84.547 ms"}
{"level":"info","message":"GET /getuser 200 - - 0.273 ms"}
